<?xml version="1.0" encoding="UTF-8"?>
<!-- Generated by org.testng.reporters.JUnitReportReporter -->
<testsuite skipped="0" hostname="DESKTOP-ONEN5UL" name="application.LoginToUserPageTesting" tests="2" failures="0" timestamp="15 мар 2018 21:25:27 GMT" time="12.087" errors="0">
  <testcase name="verifyMainPageIsCorrect" time="0.096" classname="application.LoginToUserPageTesting"/>
  <testcase name="testUserPageAppearCorrect" time="11.991" classname="application.LoginToUserPageTesting"/>
</testsuite> <!-- application.LoginToUserPageTesting -->
