<?xml version="1.0" encoding="UTF-8"?>
<!-- Generated by org.testng.reporters.JUnitReportReporter -->
<testsuite skipped="0" hostname="DESKTOP-ONEN5UL" name="application.LoginToUserPageTesting" tests="3" failures="0" timestamp="15 мар 2018 15:48:10 GMT" time="17.525" errors="0">
  <testcase name="verifyMainPageIsCorrect" time="0.088" classname="application.LoginToUserPageTesting"/>
  <testcase name="testUserPageAppearCorrect" time="10.120" classname="application.LoginToUserPageTesting"/>
  <testcase name="testExitFromUserPageIsCorrect" time="7.317" classname="application.LoginToUserPageTesting"/>
</testsuite> <!-- application.LoginToUserPageTesting -->
