<?xml version="1.0" encoding="UTF-8"?>
<!-- Generated by org.testng.reporters.JUnitReportReporter -->
<testsuite skipped="0" hostname="DESKTOP-ONEN5UL" name="application.LogOutFromUserPage" tests="1" failures="0" timestamp="15 мар 2018 21:39:01 GMT" time="20.513" errors="0">
  <testcase name="testExitFromUserPageIsCorrect" time="20.513" classname="application.LogOutFromUserPage"/>
</testsuite> <!-- application.LogOutFromUserPage -->
