<?xml version="1.0" encoding="UTF-8"?>
<!-- Generated by org.testng.reporters.JUnitReportReporter -->
<testsuite skipped="0" hostname="DESKTOP-ONEN5UL" name="application.LoginToUserPageTesting" tests="2" failures="0" timestamp="16 мар 2018 16:38:15 GMT" time="38.514" errors="0">
  <testcase name="verifyMainPageIsCorrect" time="0.816" classname="application.LoginToUserPageTesting"/>
  <testcase name="testUserPageAppearCorrect" time="37.698" classname="application.LoginToUserPageTesting"/>
</testsuite> <!-- application.LoginToUserPageTesting -->
