<?xml version="1.0" encoding="UTF-8"?>
<!-- Generated by org.testng.reporters.JUnitReportReporter -->
<testsuite skipped="0" hostname="DESKTOP-ONEN5UL" name="application.LogOutFromUserPage" tests="1" failures="0" timestamp="15 мар 2018 21:27:50 GMT" time="19.834" errors="0">
  <testcase name="testExitFromUserPageIsCorrect" time="19.834" classname="application.LogOutFromUserPage"/>
</testsuite> <!-- application.LogOutFromUserPage -->
