<?xml version="1.0" encoding="UTF-8"?>
<!-- Generated by org.testng.reporters.JUnitReportReporter -->
<testsuite skipped="0" hostname="DESKTOP-ONEN5UL" name="application.LoginToUserPageTesting" tests="2" failures="0" timestamp="16 мар 2018 17:00:21 GMT" time="17.025" errors="0">
  <testcase name="verifyMainPageIsCorrect" time="0.049" classname="application.LoginToUserPageTesting"/>
  <testcase name="testUserPageAppearCorrect" time="16.976" classname="application.LoginToUserPageTesting"/>
</testsuite> <!-- application.LoginToUserPageTesting -->
