<?xml version="1.0" encoding="UTF-8"?>
<!-- Generated by org.testng.reporters.JUnitReportReporter -->
<testsuite skipped="0" hostname="DESKTOP-ONEN5UL" name="application.LoginToUserPageTesting" tests="3" failures="0" timestamp="15 мар 2018 21:04:23 GMT" time="20.567" errors="0">
  <testcase name="verifyMainPageIsCorrect" time="0.047" classname="application.LoginToUserPageTesting"/>
  <testcase name="testUserPageAppearCorrect" time="13.254" classname="application.LoginToUserPageTesting"/>
  <testcase name="testExitFromUserPageIsCorrect" time="7.266" classname="application.LoginToUserPageTesting"/>
</testsuite> <!-- application.LoginToUserPageTesting -->
