<?xml version="1.0" encoding="UTF-8"?>
<!-- Generated by org.testng.reporters.JUnitReportReporter -->
<testsuite skipped="0" hostname="DESKTOP-ONEN5UL" name="application.LoginToUserPageTesting" tests="5" failures="0" timestamp="28 мар 2018 17:32:20 GMT" time="53.422" errors="0">
  <testcase name="verifyMainPageIsCorrect" time="0.152" classname="application.LoginToUserPageTesting"/>
  <testcase name="testUserPageAppearCorrect" time="30.200" classname="application.LoginToUserPageTesting"/>
  <testcase name="testLoginWithEmptyValues" time="6.656" classname="application.LoginToUserPageTesting"/>
  <testcase name="testLoginWithIncorrectEmailAndPassword" time="9.364" classname="application.LoginToUserPageTesting"/>
  <testcase name="testRepeatedLoginWithIncorrectPassword" time="7.050" classname="application.LoginToUserPageTesting"/>
</testsuite> <!-- application.LoginToUserPageTesting -->
