<?xml version="1.0" encoding="UTF-8"?>
<!-- Generated by org.testng.reporters.JUnitReportReporter -->
<testsuite skipped="0" hostname="DESKTOP-ONEN5UL" name="application.LogOutFromUserPage" tests="1" failures="0" timestamp="16 мар 2018 16:15:05 GMT" time="40.112" errors="0">
  <testcase name="testExitFromUserPageIsCorrect" time="40.112" classname="application.LogOutFromUserPage"/>
</testsuite> <!-- application.LogOutFromUserPage -->
