<?xml version="1.0" encoding="UTF-8"?>
<!-- Generated by org.testng.reporters.JUnitReportReporter -->
<testsuite skipped="0" hostname="DESKTOP-ONEN5UL" name="application.TestingOfMainPage" tests="2" failures="0" timestamp="13 мар 2018 13:45:32 GMT" time="11.680" errors="0">
  <testcase name="verifyMainPageIsCorrect" time="0.089" classname="application.TestingOfMainPage"/>
  <testcase name="testUserPageAppearCorrect" time="11.591" classname="application.TestingOfMainPage"/>
</testsuite> <!-- application.TestingOfMainPage -->
